[diaremot] INFO: DiaRemot v2.1.0 package initialized
[INFO] Silero VAD ONNX model loaded: D:\models\silero_vad.onnx
[diaremot.pipeline.speaker_diarization] INFO: Silero VAD ONNX model loaded: D:\models\silero_vad.onnx
[INFO] ECAPA ONNX model loaded: D:\models\ecapa_tdnn.onnx
[diaremot.pipeline.speaker_diarization] INFO: ECAPA ONNX model loaded: D:\models\ecapa_tdnn.onnx
[INFO] Registry loaded: D:\diaremot\diaremot2-ai\speaker_registry.json
[diaremot.pipeline.speaker_diarization] INFO: Registry loaded: D:\diaremot\diaremot2-ai\speaker_registry.json
[15:40] [INFO] [dependency_check] start
[15:40] [INFO] [dependency_check] ok in 00:00.033
[15:40] [INFO] [preprocess] start
[diaremot.pipeline.audio_preprocessing] INFO: Long audio detected (69.4min), using auto-chunking
[diaremot.pipeline.audio_preprocessing] INFO: [chunks] Creating audio chunks for long file: D:\diaremot\diaremot2-1\diaremot\data\dan1.m4a
[diaremot.pipeline.audio_preprocessing] INFO: [chunks] Audio duration: 69.4 minutes; threshold=30.0 min; size=20.0 min; overlap=30.0s
[diaremot.pipeline.audio_preprocessing] INFO: [chunks] Extracted chunk 0 via ffmpeg in 8.32s (0.0s\u21921230.0s)
[diaremot.pipeline.audio_preprocessing] INFO: [chunks] Saved chunk 0: chunk_000_0000s-1200s.wav (1200.0s)
[diaremot.pipeline.audio_preprocessing] INFO: [chunks] Extracted chunk 1 via ffmpeg in 11.39s (1170.0s\u21922430.0s)
[diaremot.pipeline.audio_preprocessing] INFO: [chunks] Saved chunk 1: chunk_001_1200s-2400s.wav (1200.0s)
[diaremot.pipeline.audio_preprocessing] INFO: [chunks] Extracted chunk 2 via ffmpeg in 8.54s (2370.0s\u21923630.0s)
[diaremot.pipeline.audio_preprocessing] INFO: [chunks] Saved chunk 2: chunk_002_2400s-3600s.wav (1200.0s)
[diaremot.pipeline.audio_preprocessing] INFO: [chunks] Extracted chunk 3 via ffmpeg in 10.24s (3570.0s\u21924161.6s)
[diaremot.pipeline.audio_preprocessing] INFO: [chunks] Saved chunk 3: chunk_003_3600s-4161s.wav (561.6s)
[diaremot.pipeline.audio_preprocessing] INFO: [chunks] Created 4 chunks in D:\Users\chatt\AppData\Local\Temp\audio_chunks_yqypbogb
[diaremot.pipeline.audio_preprocessing] INFO: Processing chunk 0/3
[diaremot.pipeline.audio_preprocessing] INFO: Processing chunk 1/3
[diaremot.pipeline.audio_preprocessing] INFO: Processing chunk 2/3
[diaremot.pipeline.audio_preprocessing] INFO: Processing chunk 3/3
[diaremot.pipeline.audio_preprocessing] INFO: Merging 4 processed chunks
[diaremot.pipeline.audio_preprocessing] INFO: Merged audio: 4251.7s total
[diaremot.pipeline.audio_preprocessing] INFO: Chunked processing complete: 4251.7s total
[diaremot.pipeline.audio_preprocessing] INFO: Cleaning up 4 temporary chunk files
[15:42] [INFO] [preprocess] file duration 01:10:52
[15:42] [INFO] [preprocess] ok in 01:40.775
[diaremot.pipeline.pipeline_checkpoint_system] INFO: Checkpoint created: audio_preprocessing (5.0%)
[15:42] [INFO] [background_sed] start
[16:05] [INFO] [background_sed] ok in 22:41.169
[16:05] [INFO] [resume] using diar.json cache; skipping diarize
[16:05] [INFO] [diarize] start
[16:05] [INFO] [diarize] ok in 00:00.004
[diaremot.pipeline.pipeline_checkpoint_system] INFO: Checkpoint created: diarization (30.0%)
[16:05] [INFO] [registry_update] start
[16:05] [INFO] [registry_update] ok in 00:00.000
[16:05] [INFO] [transcribe] start
[diaremot.pipeline.transcription_module.ModelManager] WARNING: Failed to load tiny.en, trying fallback models: Fast download using 'hf_transfer' is enabled (HF_HUB_ENABLE_HF_TRANSFER=1) but 'hf_transfer' package is not available in your environment. Try `pip install hf_transfer`.
[diaremot.pipeline.transcription_module.ModelManager] INFO: Trying fallback model: large-v3
[diaremot.pipeline.transcription_module.ModelManager] INFO: Successfully loaded fallback faster-whisper: large-v3
[diaremot.pipeline.transcription_module.AsyncTranscriber] WARNING: Transcription worker timed out after 300.0s; resetting executor
[diaremot.pipeline.transcription_module.AsyncTranscriber] WARNING: Transcription worker timed out after 300.0s; resetting executor
[diaremot.pipeline.transcription_module.AsyncTranscriber] WARNING: Transcription worker timed out after 300.0s; resetting executor
[diaremot.pipeline.transcription_module.AsyncTranscriber] WARNING: Transcription worker timed out after 300.0s; resetting executor
[diaremot.pipeline.transcription_module.AsyncTranscriber] WARNING: Transcription worker timed out after 300.0s; resetting executor
[diaremot.pipeline.transcription_module.AsyncTranscriber] WARNING: Transcription worker timed out after 300.0s; resetting executor
[diaremot.pipeline.transcription_module.AsyncTranscriber] WARNING: Transcription worker timed out after 300.0s; resetting executor
[diaremot.pipeline.transcription_module.AsyncTranscriber] WARNING: Transcription worker timed out after 300.0s; resetting executor
[diaremot.pipeline.transcription_module.AsyncTranscriber] WARNING: Transcription worker timed out after 300.0s; resetting executor
[diaremot.pipeline.transcription_module.AsyncTranscriber] WARNING: Transcription worker timed out after 300.0s; resetting executor
[diaremot.pipeline.transcription_module.AsyncTranscriber] WARNING: Transcription worker timed out after 300.0s; resetting executor
[diaremot.pipeline.transcription_module.AsyncTranscriber] WARNING: Transcription worker timed out after 300.0s; resetting executor
[diaremot.pipeline.transcription_module.AsyncTranscriber] WARNING: Transcription worker timed out after 300.0s; resetting executor
